[2m2022-05-12 17:10:14.089[0;39m [32m INFO[0;39m [35m7568[0;39m [2m---[0;39m [2m[  restartedMain][0;39m [36m.e.DevToolsPropertyDefaultsPostProcessor[0;39m [2m:[0;39m Devtools property defaults active! Set 'spring.devtools.add-properties' to 'false' to disable
[2m2022-05-12 17:10:14.104[0;39m [32m INFO[0;39m [35m7568[0;39m [2m---[0;39m [2m[  restartedMain][0;39m [36m.e.DevToolsPropertyDefaultsPostProcessor[0;39m [2m:[0;39m For additional web related logging consider setting the 'logging.level.web' property to 'DEBUG'
[2m2022-05-12 17:10:19.499[0;39m [32m INFO[0;39m [35m7568[0;39m [2m---[0;39m [2m[  restartedMain][0;39m [36mo.s.b.w.embedded.tomcat.TomcatWebServer [0;39m [2m:[0;39m Tomcat initialized with port(s): 9999 (http)
[2m2022-05-12 17:10:20.319[0;39m [32m INFO[0;39m [35m7568[0;39m [2m---[0;39m [2m[  restartedMain][0;39m [36mw.s.c.ServletWebServerApplicationContext[0;39m [2m:[0;39m Root WebApplicationContext: initialization completed in 6212 ms
[2m2022-05-12 17:10:21.510[0;39m [32m INFO[0;39m [35m7568[0;39m [2m---[0;39m [2m[  restartedMain][0;39m [36mo.s.b.d.a.OptionalLiveReloadServer      [0;39m [2m:[0;39m LiveReload server is running on port 35729
[2m2022-05-12 17:10:21.869[0;39m [32m INFO[0;39m [35m7568[0;39m [2m---[0;39m [2m[  restartedMain][0;39m [36mo.s.b.w.embedded.tomcat.TomcatWebServer [0;39m [2m:[0;39m Tomcat started on port(s): 9999 (http) with context path '/vue'
[2m2022-05-12 17:12:29.343[0;39m [32m INFO[0;39m [35m7568[0;39m [2m---[0;39m [2m[nio-9999-exec-1][0;39m [36mo.s.web.servlet.DispatcherServlet       [0;39m [2m:[0;39m Initializing Servlet 'dispatcherServlet'
[2m2022-05-12 17:12:29.409[0;39m [32m INFO[0;39m [35m7568[0;39m [2m---[0;39m [2m[nio-9999-exec-1][0;39m [36mo.s.web.servlet.DispatcherServlet       [0;39m [2m:[0;39m Completed initialization in 24 ms
[2m2022-05-12 17:12:30.539[0;39m [32mDEBUG[0;39m [35m7568[0;39m [2m---[0;39m [2m[nio-9999-exec-2][0;39m [36mc.ssafy.vue.controller.BoardController  [0;39m [2m:[0;39m retrieveBoard - 호출
[2m2022-05-12 17:12:51.523[0;39m [32mDEBUG[0;39m [35m7568[0;39m [2m---[0;39m [2m[nio-9999-exec-6][0;39m [36mc.ssafy.vue.controller.BoardController  [0;39m [2m:[0;39m writeBoard - 호출
[2m2022-05-12 17:12:54.215[0;39m [32mDEBUG[0;39m [35m7568[0;39m [2m---[0;39m [2m[nio-9999-exec-7][0;39m [36mc.ssafy.vue.controller.BoardController  [0;39m [2m:[0;39m retrieveBoard - 호출
[2m2022-05-12 17:13:01.391[0;39m [32mDEBUG[0;39m [35m7568[0;39m [2m---[0;39m [2m[nio-9999-exec-8][0;39m [36mc.ssafy.vue.controller.BoardController  [0;39m [2m:[0;39m retrieveBoard - 호출
[2m2022-05-12 17:13:06.383[0;39m [32mDEBUG[0;39m [35m7568[0;39m [2m---[0;39m [2m[nio-9999-exec-1][0;39m [36mc.ssafy.vue.controller.BoardController  [0;39m [2m:[0;39m detailBoard - 호출
[2m2022-05-12 17:13:08.056[0;39m [32mDEBUG[0;39m [35m7568[0;39m [2m---[0;39m [2m[nio-9999-exec-3][0;39m [36mc.ssafy.vue.controller.BoardController  [0;39m [2m:[0;39m detailBoard - 호출
[2m2022-05-12 17:13:11.438[0;39m [32mDEBUG[0;39m [35m7568[0;39m [2m---[0;39m [2m[nio-9999-exec-6][0;39m [36mc.ssafy.vue.controller.BoardController  [0;39m [2m:[0;39m updateBoard - 호출
[2m2022-05-12 17:13:11.439[0;39m [32mDEBUG[0;39m [35m7568[0;39m [2m---[0;39m [2m[nio-9999-exec-6][0;39m [36mc.ssafy.vue.controller.BoardController  [0;39m [2m:[0;39m Board [articleno=7, subject=2, content=ㅁㅁㅁㅁㄴㅇㅇㄴㅁ, userid=ssafy, regtime=null]
[2m2022-05-12 17:13:12.613[0;39m [32mDEBUG[0;39m [35m7568[0;39m [2m---[0;39m [2m[nio-9999-exec-5][0;39m [36mc.ssafy.vue.controller.BoardController  [0;39m [2m:[0;39m retrieveBoard - 호출
[2m2022-05-12 17:13:14.913[0;39m [32mDEBUG[0;39m [35m7568[0;39m [2m---[0;39m [2m[nio-9999-exec-8][0;39m [36mc.ssafy.vue.controller.BoardController  [0;39m [2m:[0;39m detailBoard - 호출
[2m2022-05-12 17:13:16.150[0;39m [32mDEBUG[0;39m [35m7568[0;39m [2m---[0;39m [2m[io-9999-exec-10][0;39m [36mc.ssafy.vue.controller.BoardController  [0;39m [2m:[0;39m deleteBoard - 호출
[2m2022-05-12 17:13:17.210[0;39m [32mDEBUG[0;39m [35m7568[0;39m [2m---[0;39m [2m[nio-9999-exec-2][0;39m [36mc.ssafy.vue.controller.BoardController  [0;39m [2m:[0;39m retrieveBoard - 호출
[2m2022-05-12 17:13:31.051[0;39m [32m INFO[0;39m [35m7568[0;39m [2m---[0;39m [2m[on(2)-127.0.0.1][0;39m [36minMXBeanRegistrar$SpringApplicationAdmin[0;39m [2m:[0;39m Application shutdown requested.
