[2m2022-05-21 12:15:06.016[0;39m [32m INFO[0;39m [35m8280[0;39m [2m---[0;39m [2m[  restartedMain][0;39m [36m.e.DevToolsPropertyDefaultsPostProcessor[0;39m [2m:[0;39m Devtools property defaults active! Set 'spring.devtools.add-properties' to 'false' to disable
[2m2022-05-21 12:15:06.025[0;39m [32m INFO[0;39m [35m8280[0;39m [2m---[0;39m [2m[  restartedMain][0;39m [36m.e.DevToolsPropertyDefaultsPostProcessor[0;39m [2m:[0;39m For additional web related logging consider setting the 'logging.level.web' property to 'DEBUG'
[2m2022-05-21 12:15:08.250[0;39m [32m INFO[0;39m [35m8280[0;39m [2m---[0;39m [2m[  restartedMain][0;39m [36mo.s.b.w.embedded.tomcat.TomcatWebServer [0;39m [2m:[0;39m Tomcat initialized with port(s): 9999 (http)
[2m2022-05-21 12:15:08.559[0;39m [32m INFO[0;39m [35m8280[0;39m [2m---[0;39m [2m[  restartedMain][0;39m [36mw.s.c.ServletWebServerApplicationContext[0;39m [2m:[0;39m Root WebApplicationContext: initialization completed in 2532 ms
[2m2022-05-21 12:15:09.584[0;39m [32m INFO[0;39m [35m8280[0;39m [2m---[0;39m [2m[  restartedMain][0;39m [36mo.s.b.d.a.OptionalLiveReloadServer      [0;39m [2m:[0;39m LiveReload server is running on port 35729
[2m2022-05-21 12:15:09.834[0;39m [32m INFO[0;39m [35m8280[0;39m [2m---[0;39m [2m[  restartedMain][0;39m [36mo.s.b.w.embedded.tomcat.TomcatWebServer [0;39m [2m:[0;39m Tomcat started on port(s): 9999 (http) with context path '/vue'
[2m2022-05-21 12:25:55.795[0;39m [32m INFO[0;39m [35m8280[0;39m [2m---[0;39m [2m[nio-9999-exec-1][0;39m [36mo.s.web.servlet.DispatcherServlet       [0;39m [2m:[0;39m Initializing Servlet 'dispatcherServlet'
[2m2022-05-21 12:25:58.496[0;39m [32m INFO[0;39m [35m8280[0;39m [2m---[0;39m [2m[nio-9999-exec-1][0;39m [36mo.s.web.servlet.DispatcherServlet       [0;39m [2m:[0;39m Completed initialization in 2463 ms
[2m2022-05-21 12:26:10.447[0;39m [32mDEBUG[0;39m [35m8280[0;39m [2m---[0;39m [2m[nio-9999-exec-2][0;39m [36mc.ssafy.vue.controller.BoardController  [0;39m [2m:[0;39m retrieveBoard - 호출
[2m2022-05-21 12:26:10.447[0;39m [32mDEBUG[0;39m [35m8280[0;39m [2m---[0;39m [2m[nio-9999-exec-1][0;39m [36mc.ssafy.vue.controller.BoardController  [0;39m [2m:[0;39m retrieveBoard - 호출
[2m2022-05-21 12:26:43.972[0;39m [32mDEBUG[0;39m [35m8280[0;39m [2m---[0;39m [2m[nio-9999-exec-4][0;39m [36mc.ssafy.vue.controller.MemberController [0;39m [2m:[0;39m 로그인 토큰정보 : eyJ0eXAiOiJKV1QiLCJyZWdEYXRlIjoxNjUzMTAzNjAzNDkzLCJhbGciOiJIUzI1NiJ9.eyJleHAiOjE2NTMxMDcyMDMsInN1YiI6ImFjY2Vzcy10b2tlbiIsInVzZXJpZCI6ImFsZXgxMjM0In0.7X28wK0MyuZ59YPGdc3TGwLuAYXTsAdDYRwudnppjls
[2m2022-05-21 12:26:45.310[0;39m [32m INFO[0;39m [35m8280[0;39m [2m---[0;39m [2m[nio-9999-exec-6][0;39m [36mc.ssafy.vue.controller.MemberController [0;39m [2m:[0;39m 사용 가능한 토큰!!!
[2m2022-05-21 12:26:55.978[0;39m [33m WARN[0;39m [35m8280[0;39m [2m---[0;39m [2m[nio-9999-exec-9][0;39m [36m.w.s.m.s.DefaultHandlerExceptionResolver[0;39m [2m:[0;39m Resolved [org.springframework.web.HttpRequestMethodNotSupportedException: Request method 'GET' not supported]
[2m2022-05-21 12:27:39.863[0;39m [33m WARN[0;39m [35m8280[0;39m [2m---[0;39m [2m[nio-9999-exec-3][0;39m [36m.w.s.m.s.DefaultHandlerExceptionResolver[0;39m [2m:[0;39m Resolved [org.springframework.web.HttpRequestMethodNotSupportedException: Request method 'GET' not supported]
[2m2022-05-21 12:27:44.914[0;39m [33m WARN[0;39m [35m8280[0;39m [2m---[0;39m [2m[nio-9999-exec-2][0;39m [36m.w.s.m.s.DefaultHandlerExceptionResolver[0;39m [2m:[0;39m Resolved [org.springframework.web.HttpRequestMethodNotSupportedException: Request method 'GET' not supported]
[2m2022-05-21 12:27:55.229[0;39m [32mDEBUG[0;39m [35m8280[0;39m [2m---[0;39m [2m[nio-9999-exec-4][0;39m [36mc.ssafy.vue.controller.BoardController  [0;39m [2m:[0;39m retrieveBoard - 호출
[2m2022-05-21 12:28:00.294[0;39m [33m WARN[0;39m [35m8280[0;39m [2m---[0;39m [2m[nio-9999-exec-8][0;39m [36m.w.s.m.s.DefaultHandlerExceptionResolver[0;39m [2m:[0;39m Resolved [org.springframework.web.HttpRequestMethodNotSupportedException: Request method 'GET' not supported]
[2m2022-05-21 12:28:07.538[0;39m [33m WARN[0;39m [35m8280[0;39m [2m---[0;39m [2m[nio-9999-exec-6][0;39m [36m.w.s.m.s.DefaultHandlerExceptionResolver[0;39m [2m:[0;39m Resolved [org.springframework.web.HttpRequestMethodNotSupportedException: Request method 'GET' not supported]
[2m2022-05-21 12:43:37.866[0;39m [32m INFO[0;39m [35m8280[0;39m [2m---[0;39m [2m[n(38)-127.0.0.1][0;39m [36minMXBeanRegistrar$SpringApplicationAdmin[0;39m [2m:[0;39m Application shutdown requested.
[2m2022-05-21 12:46:36.075[0;39m [32m INFO[0;39m [35m14752[0;39m [2m---[0;39m [2m[  restartedMain][0;39m [36m.e.DevToolsPropertyDefaultsPostProcessor[0;39m [2m:[0;39m Devtools property defaults active! Set 'spring.devtools.add-properties' to 'false' to disable
[2m2022-05-21 12:46:36.079[0;39m [32m INFO[0;39m [35m14752[0;39m [2m---[0;39m [2m[  restartedMain][0;39m [36m.e.DevToolsPropertyDefaultsPostProcessor[0;39m [2m:[0;39m For additional web related logging consider setting the 'logging.level.web' property to 'DEBUG'
[2m2022-05-21 12:46:38.858[0;39m [32m INFO[0;39m [35m14752[0;39m [2m---[0;39m [2m[  restartedMain][0;39m [36mo.s.b.w.embedded.tomcat.TomcatWebServer [0;39m [2m:[0;39m Tomcat initialized with port(s): 9999 (http)
[2m2022-05-21 12:46:39.472[0;39m [32m INFO[0;39m [35m14752[0;39m [2m---[0;39m [2m[  restartedMain][0;39m [36mw.s.c.ServletWebServerApplicationContext[0;39m [2m:[0;39m Root WebApplicationContext: initialization completed in 3392 ms
[2m2022-05-21 12:46:41.128[0;39m [32m INFO[0;39m [35m14752[0;39m [2m---[0;39m [2m[  restartedMain][0;39m [36mo.s.b.d.a.OptionalLiveReloadServer      [0;39m [2m:[0;39m LiveReload server is running on port 35729
[2m2022-05-21 12:46:41.441[0;39m [32m INFO[0;39m [35m14752[0;39m [2m---[0;39m [2m[  restartedMain][0;39m [36mo.s.b.w.embedded.tomcat.TomcatWebServer [0;39m [2m:[0;39m Tomcat started on port(s): 9999 (http) with context path '/vue'
[2m2022-05-21 12:48:04.851[0;39m [32m INFO[0;39m [35m14752[0;39m [2m---[0;39m [2m[nio-9999-exec-1][0;39m [36mo.s.web.servlet.DispatcherServlet       [0;39m [2m:[0;39m Initializing Servlet 'dispatcherServlet'
[2m2022-05-21 12:48:04.854[0;39m [32m INFO[0;39m [35m14752[0;39m [2m---[0;39m [2m[nio-9999-exec-1][0;39m [36mo.s.web.servlet.DispatcherServlet       [0;39m [2m:[0;39m Completed initialization in 2 ms
[2m2022-05-21 12:48:58.985[0;39m [32m INFO[0;39m [35m14752[0;39m [2m---[0;39m [2m[  restartedMain][0;39m [36mo.s.b.w.embedded.tomcat.TomcatWebServer [0;39m [2m:[0;39m Tomcat initialized with port(s): 9999 (http)
[2m2022-05-21 12:48:59.090[0;39m [32m INFO[0;39m [35m14752[0;39m [2m---[0;39m [2m[  restartedMain][0;39m [36mw.s.c.ServletWebServerApplicationContext[0;39m [2m:[0;39m Root WebApplicationContext: initialization completed in 981 ms
[2m2022-05-21 12:48:59.326[0;39m [32m INFO[0;39m [35m14752[0;39m [2m---[0;39m [2m[  restartedMain][0;39m [36mo.s.b.d.a.OptionalLiveReloadServer      [0;39m [2m:[0;39m LiveReload server is running on port 35729
[2m2022-05-21 12:48:59.382[0;39m [32m INFO[0;39m [35m14752[0;39m [2m---[0;39m [2m[  restartedMain][0;39m [36mo.s.b.w.embedded.tomcat.TomcatWebServer [0;39m [2m:[0;39m Tomcat started on port(s): 9999 (http) with context path '/vue'
[2m2022-05-21 12:48:59.511[0;39m [32m INFO[0;39m [35m14752[0;39m [2m---[0;39m [2m[  restartedMain][0;39m [36m.ConditionEvaluationDeltaLoggingListener[0;39m [2m:[0;39m Condition evaluation unchanged
[2m2022-05-21 12:49:05.263[0;39m [32m INFO[0;39m [35m14752[0;39m [2m---[0;39m [2m[nio-9999-exec-1][0;39m [36mo.s.web.servlet.DispatcherServlet       [0;39m [2m:[0;39m Initializing Servlet 'dispatcherServlet'
[2m2022-05-21 12:49:05.266[0;39m [32m INFO[0;39m [35m14752[0;39m [2m---[0;39m [2m[nio-9999-exec-1][0;39m [36mo.s.web.servlet.DispatcherServlet       [0;39m [2m:[0;39m Completed initialization in 2 ms
[2m2022-05-21 12:49:27.272[0;39m [32m INFO[0;39m [35m14752[0;39m [2m---[0;39m [2m[n(14)-127.0.0.1][0;39m [36minMXBeanRegistrar$SpringApplicationAdmin[0;39m [2m:[0;39m Application shutdown requested.
[2m2022-05-21 15:43:41.767[0;39m [32m INFO[0;39m [35m18884[0;39m [2m---[0;39m [2m[  restartedMain][0;39m [36m.e.DevToolsPropertyDefaultsPostProcessor[0;39m [2m:[0;39m Devtools property defaults active! Set 'spring.devtools.add-properties' to 'false' to disable
[2m2022-05-21 15:43:41.771[0;39m [32m INFO[0;39m [35m18884[0;39m [2m---[0;39m [2m[  restartedMain][0;39m [36m.e.DevToolsPropertyDefaultsPostProcessor[0;39m [2m:[0;39m For additional web related logging consider setting the 'logging.level.web' property to 'DEBUG'
[2m2022-05-21 15:43:44.067[0;39m [32m INFO[0;39m [35m18884[0;39m [2m---[0;39m [2m[  restartedMain][0;39m [36mo.s.b.w.embedded.tomcat.TomcatWebServer [0;39m [2m:[0;39m Tomcat initialized with port(s): 9999 (http)
[2m2022-05-21 15:43:44.400[0;39m [32m INFO[0;39m [35m18884[0;39m [2m---[0;39m [2m[  restartedMain][0;39m [36mw.s.c.ServletWebServerApplicationContext[0;39m [2m:[0;39m Root WebApplicationContext: initialization completed in 2628 ms
[2m2022-05-21 15:43:45.480[0;39m [32m INFO[0;39m [35m18884[0;39m [2m---[0;39m [2m[  restartedMain][0;39m [36mo.s.b.d.a.OptionalLiveReloadServer      [0;39m [2m:[0;39m LiveReload server is running on port 35729
[2m2022-05-21 15:43:45.757[0;39m [32m INFO[0;39m [35m18884[0;39m [2m---[0;39m [2m[  restartedMain][0;39m [36mo.s.b.w.embedded.tomcat.TomcatWebServer [0;39m [2m:[0;39m Tomcat started on port(s): 9999 (http) with context path '/vue'
[2m2022-05-21 15:45:58.933[0;39m [32m INFO[0;39m [35m18884[0;39m [2m---[0;39m [2m[nio-9999-exec-1][0;39m [36mo.s.web.servlet.DispatcherServlet       [0;39m [2m:[0;39m Initializing Servlet 'dispatcherServlet'
[2m2022-05-21 15:45:58.937[0;39m [32m INFO[0;39m [35m18884[0;39m [2m---[0;39m [2m[nio-9999-exec-1][0;39m [36mo.s.web.servlet.DispatcherServlet       [0;39m [2m:[0;39m Completed initialization in 3 ms
[2m2022-05-21 15:58:11.618[0;39m [32mDEBUG[0;39m [35m18884[0;39m [2m---[0;39m [2m[nio-9999-exec-9][0;39m [36mc.ssafy.vue.controller.BoardController  [0;39m [2m:[0;39m retrieveBoard - 호출
[2m2022-05-21 16:01:35.325[0;39m [32mDEBUG[0;39m [35m18884[0;39m [2m---[0;39m [2m[nio-9999-exec-1][0;39m [36mc.ssafy.vue.controller.BoardController  [0;39m [2m:[0;39m retrieveBoard - 호출
[2m2022-05-21 16:19:40.028[0;39m [32m INFO[0;39m [35m18884[0;39m [2m---[0;39m [2m[n(48)-127.0.0.1][0;39m [36minMXBeanRegistrar$SpringApplicationAdmin[0;39m [2m:[0;39m Application shutdown requested.
[2m2022-05-21 16:19:40.028[0;39m [32m INFO[0;39m [35m18884[0;39m [2m---[0;39m [2m[n(46)-127.0.0.1][0;39m [36minMXBeanRegistrar$SpringApplicationAdmin[0;39m [2m:[0;39m Application shutdown requested.
[2m2022-05-21 16:19:40.028[0;39m [32m INFO[0;39m [35m18884[0;39m [2m---[0;39m [2m[n(47)-127.0.0.1][0;39m [36minMXBeanRegistrar$SpringApplicationAdmin[0;39m [2m:[0;39m Application shutdown requested.
[2m2022-05-21 16:29:59.205[0;39m [32m INFO[0;39m [35m13004[0;39m [2m---[0;39m [2m[  restartedMain][0;39m [36m.e.DevToolsPropertyDefaultsPostProcessor[0;39m [2m:[0;39m Devtools property defaults active! Set 'spring.devtools.add-properties' to 'false' to disable
[2m2022-05-21 16:29:59.210[0;39m [32m INFO[0;39m [35m13004[0;39m [2m---[0;39m [2m[  restartedMain][0;39m [36m.e.DevToolsPropertyDefaultsPostProcessor[0;39m [2m:[0;39m For additional web related logging consider setting the 'logging.level.web' property to 'DEBUG'
[2m2022-05-21 16:30:01.804[0;39m [32m INFO[0;39m [35m13004[0;39m [2m---[0;39m [2m[  restartedMain][0;39m [36mo.s.b.w.embedded.tomcat.TomcatWebServer [0;39m [2m:[0;39m Tomcat initialized with port(s): 9999 (http)
[2m2022-05-21 16:30:02.094[0;39m [32m INFO[0;39m [35m13004[0;39m [2m---[0;39m [2m[  restartedMain][0;39m [36mw.s.c.ServletWebServerApplicationContext[0;39m [2m:[0;39m Root WebApplicationContext: initialization completed in 2883 ms
[2m2022-05-21 16:30:03.109[0;39m [32m INFO[0;39m [35m13004[0;39m [2m---[0;39m [2m[  restartedMain][0;39m [36mo.s.b.d.a.OptionalLiveReloadServer      [0;39m [2m:[0;39m LiveReload server is running on port 35729
[2m2022-05-21 16:30:03.398[0;39m [32m INFO[0;39m [35m13004[0;39m [2m---[0;39m [2m[  restartedMain][0;39m [36mo.s.b.w.embedded.tomcat.TomcatWebServer [0;39m [2m:[0;39m Tomcat started on port(s): 9999 (http) with context path '/vue'
[2m2022-05-21 16:31:35.116[0;39m [32m INFO[0;39m [35m13004[0;39m [2m---[0;39m [2m[nio-9999-exec-2][0;39m [36mo.s.web.servlet.DispatcherServlet       [0;39m [2m:[0;39m Initializing Servlet 'dispatcherServlet'
[2m2022-05-21 16:31:35.120[0;39m [32m INFO[0;39m [35m13004[0;39m [2m---[0;39m [2m[nio-9999-exec-2][0;39m [36mo.s.web.servlet.DispatcherServlet       [0;39m [2m:[0;39m Completed initialization in 4 ms
[2m2022-05-21 16:36:38.825[0;39m [32m INFO[0;39m [35m13004[0;39m [2m---[0;39m [2m[  restartedMain][0;39m [36mo.s.b.w.embedded.tomcat.TomcatWebServer [0;39m [2m:[0;39m Tomcat initialized with port(s): 9999 (http)
[2m2022-05-21 16:36:39.157[0;39m [32m INFO[0;39m [35m13004[0;39m [2m---[0;39m [2m[  restartedMain][0;39m [36mw.s.c.ServletWebServerApplicationContext[0;39m [2m:[0;39m Root WebApplicationContext: initialization completed in 1168 ms
[2m2022-05-21 16:36:39.763[0;39m [32m INFO[0;39m [35m13004[0;39m [2m---[0;39m [2m[  restartedMain][0;39m [36mo.s.b.d.a.OptionalLiveReloadServer      [0;39m [2m:[0;39m LiveReload server is running on port 35729
[2m2022-05-21 16:36:39.865[0;39m [32m INFO[0;39m [35m13004[0;39m [2m---[0;39m [2m[  restartedMain][0;39m [36mo.s.b.w.embedded.tomcat.TomcatWebServer [0;39m [2m:[0;39m Tomcat started on port(s): 9999 (http) with context path '/vue'
[2m2022-05-21 16:36:40.106[0;39m [32m INFO[0;39m [35m13004[0;39m [2m---[0;39m [2m[  restartedMain][0;39m [36m.ConditionEvaluationDeltaLoggingListener[0;39m [2m:[0;39m Condition evaluation unchanged
[2m2022-05-21 16:36:55.301[0;39m [32m INFO[0;39m [35m13004[0;39m [2m---[0;39m [2m[nio-9999-exec-2][0;39m [36mo.s.web.servlet.DispatcherServlet       [0;39m [2m:[0;39m Initializing Servlet 'dispatcherServlet'
[2m2022-05-21 16:36:55.306[0;39m [32m INFO[0;39m [35m13004[0;39m [2m---[0;39m [2m[nio-9999-exec-2][0;39m [36mo.s.web.servlet.DispatcherServlet       [0;39m [2m:[0;39m Completed initialization in 3 ms
[2m2022-05-21 16:37:10.621[0;39m [32mDEBUG[0;39m [35m13004[0;39m [2m---[0;39m [2m[nio-9999-exec-3][0;39m [36mc.ssafy.vue.controller.BoardController  [0;39m [2m:[0;39m retrieveBoard - 호출
[2m2022-05-21 16:39:45.344[0;39m [32m INFO[0;39m [35m13004[0;39m [2m---[0;39m [2m[  restartedMain][0;39m [36mo.s.b.w.embedded.tomcat.TomcatWebServer [0;39m [2m:[0;39m Tomcat initialized with port(s): 9999 (http)
[2m2022-05-21 16:39:45.443[0;39m [32m INFO[0;39m [35m13004[0;39m [2m---[0;39m [2m[  restartedMain][0;39m [36mw.s.c.ServletWebServerApplicationContext[0;39m [2m:[0;39m Root WebApplicationContext: initialization completed in 855 ms
[2m2022-05-21 16:39:45.871[0;39m [32m INFO[0;39m [35m13004[0;39m [2m---[0;39m [2m[  restartedMain][0;39m [36mo.s.b.d.a.OptionalLiveReloadServer      [0;39m [2m:[0;39m LiveReload server is running on port 35729
[2m2022-05-21 16:39:45.921[0;39m [32m INFO[0;39m [35m13004[0;39m [2m---[0;39m [2m[  restartedMain][0;39m [36mo.s.b.w.embedded.tomcat.TomcatWebServer [0;39m [2m:[0;39m Tomcat started on port(s): 9999 (http) with context path '/vue'
[2m2022-05-21 16:39:46.014[0;39m [32m INFO[0;39m [35m13004[0;39m [2m---[0;39m [2m[  restartedMain][0;39m [36m.ConditionEvaluationDeltaLoggingListener[0;39m [2m:[0;39m Condition evaluation unchanged
[2m2022-05-21 16:40:00.171[0;39m [32m INFO[0;39m [35m13004[0;39m [2m---[0;39m [2m[nio-9999-exec-1][0;39m [36mo.s.web.servlet.DispatcherServlet       [0;39m [2m:[0;39m Initializing Servlet 'dispatcherServlet'
[2m2022-05-21 16:40:00.176[0;39m [32m INFO[0;39m [35m13004[0;39m [2m---[0;39m [2m[nio-9999-exec-1][0;39m [36mo.s.web.servlet.DispatcherServlet       [0;39m [2m:[0;39m Completed initialization in 3 ms
[2m2022-05-21 16:40:28.262[0;39m [32m INFO[0;39m [35m13004[0;39m [2m---[0;39m [2m[  restartedMain][0;39m [36mo.s.b.w.embedded.tomcat.TomcatWebServer [0;39m [2m:[0;39m Tomcat initialized with port(s): 9999 (http)
[2m2022-05-21 16:40:28.350[0;39m [32m INFO[0;39m [35m13004[0;39m [2m---[0;39m [2m[  restartedMain][0;39m [36mw.s.c.ServletWebServerApplicationContext[0;39m [2m:[0;39m Root WebApplicationContext: initialization completed in 745 ms
[2m2022-05-21 16:40:28.579[0;39m [32m INFO[0;39m [35m13004[0;39m [2m---[0;39m [2m[  restartedMain][0;39m [36mo.s.b.d.a.OptionalLiveReloadServer      [0;39m [2m:[0;39m LiveReload server is running on port 35729
[2m2022-05-21 16:40:28.799[0;39m [32m INFO[0;39m [35m13004[0;39m [2m---[0;39m [2m[  restartedMain][0;39m [36mo.s.b.w.embedded.tomcat.TomcatWebServer [0;39m [2m:[0;39m Tomcat started on port(s): 9999 (http) with context path '/vue'
[2m2022-05-21 16:40:28.973[0;39m [32m INFO[0;39m [35m13004[0;39m [2m---[0;39m [2m[  restartedMain][0;39m [36m.ConditionEvaluationDeltaLoggingListener[0;39m [2m:[0;39m Condition evaluation unchanged
[2m2022-05-21 16:40:33.635[0;39m [32m INFO[0;39m [35m13004[0;39m [2m---[0;39m [2m[nio-9999-exec-1][0;39m [36mo.s.web.servlet.DispatcherServlet       [0;39m [2m:[0;39m Initializing Servlet 'dispatcherServlet'
[2m2022-05-21 16:40:33.639[0;39m [32m INFO[0;39m [35m13004[0;39m [2m---[0;39m [2m[nio-9999-exec-1][0;39m [36mo.s.web.servlet.DispatcherServlet       [0;39m [2m:[0;39m Completed initialization in 1 ms
[2m2022-05-21 16:41:21.370[0;39m [32m INFO[0;39m [35m13004[0;39m [2m---[0;39m [2m[  restartedMain][0;39m [36mo.s.b.w.embedded.tomcat.TomcatWebServer [0;39m [2m:[0;39m Tomcat initialized with port(s): 9999 (http)
[2m2022-05-21 16:41:21.459[0;39m [32m INFO[0;39m [35m13004[0;39m [2m---[0;39m [2m[  restartedMain][0;39m [36mw.s.c.ServletWebServerApplicationContext[0;39m [2m:[0;39m Root WebApplicationContext: initialization completed in 1013 ms
[2m2022-05-21 16:41:21.753[0;39m [32m INFO[0;39m [35m13004[0;39m [2m---[0;39m [2m[  restartedMain][0;39m [36mo.s.b.d.a.OptionalLiveReloadServer      [0;39m [2m:[0;39m LiveReload server is running on port 35729
[2m2022-05-21 16:41:21.812[0;39m [32m INFO[0;39m [35m13004[0;39m [2m---[0;39m [2m[  restartedMain][0;39m [36mo.s.b.w.embedded.tomcat.TomcatWebServer [0;39m [2m:[0;39m Tomcat started on port(s): 9999 (http) with context path '/vue'
[2m2022-05-21 16:41:21.973[0;39m [32m INFO[0;39m [35m13004[0;39m [2m---[0;39m [2m[  restartedMain][0;39m [36m.ConditionEvaluationDeltaLoggingListener[0;39m [2m:[0;39m Condition evaluation unchanged
[2m2022-05-21 16:41:26.738[0;39m [32m INFO[0;39m [35m13004[0;39m [2m---[0;39m [2m[nio-9999-exec-1][0;39m [36mo.s.web.servlet.DispatcherServlet       [0;39m [2m:[0;39m Initializing Servlet 'dispatcherServlet'
[2m2022-05-21 16:41:26.740[0;39m [32m INFO[0;39m [35m13004[0;39m [2m---[0;39m [2m[nio-9999-exec-1][0;39m [36mo.s.web.servlet.DispatcherServlet       [0;39m [2m:[0;39m Completed initialization in 1 ms
[2m2022-05-21 16:46:24.372[0;39m [32m INFO[0;39m [35m13004[0;39m [2m---[0;39m [2m[  restartedMain][0;39m [36mo.s.b.w.embedded.tomcat.TomcatWebServer [0;39m [2m:[0;39m Tomcat initialized with port(s): 9999 (http)
[2m2022-05-21 16:46:24.499[0;39m [32m INFO[0;39m [35m13004[0;39m [2m---[0;39m [2m[  restartedMain][0;39m [36mw.s.c.ServletWebServerApplicationContext[0;39m [2m:[0;39m Root WebApplicationContext: initialization completed in 1206 ms
[2m2022-05-21 16:46:24.857[0;39m [32m INFO[0;39m [35m13004[0;39m [2m---[0;39m [2m[  restartedMain][0;39m [36mo.s.b.d.a.OptionalLiveReloadServer      [0;39m [2m:[0;39m LiveReload server is running on port 35729
[2m2022-05-21 16:46:25.217[0;39m [32m INFO[0;39m [35m13004[0;39m [2m---[0;39m [2m[  restartedMain][0;39m [36mo.s.b.w.embedded.tomcat.TomcatWebServer [0;39m [2m:[0;39m Tomcat started on port(s): 9999 (http) with context path '/vue'
[2m2022-05-21 16:46:25.400[0;39m [32m INFO[0;39m [35m13004[0;39m [2m---[0;39m [2m[  restartedMain][0;39m [36m.ConditionEvaluationDeltaLoggingListener[0;39m [2m:[0;39m Condition evaluation unchanged
[2m2022-05-21 16:46:26.282[0;39m [32m INFO[0;39m [35m13004[0;39m [2m---[0;39m [2m[nio-9999-exec-2][0;39m [36mo.s.web.servlet.DispatcherServlet       [0;39m [2m:[0;39m Initializing Servlet 'dispatcherServlet'
[2m2022-05-21 16:46:26.288[0;39m [32m INFO[0;39m [35m13004[0;39m [2m---[0;39m [2m[nio-9999-exec-2][0;39m [36mo.s.web.servlet.DispatcherServlet       [0;39m [2m:[0;39m Completed initialization in 5 ms
[2m2022-05-21 16:56:32.979[0;39m [32m INFO[0;39m [35m13004[0;39m [2m---[0;39m [2m[n(53)-127.0.0.1][0;39m [36minMXBeanRegistrar$SpringApplicationAdmin[0;39m [2m:[0;39m Application shutdown requested.
